<?xml version="1.0" encoding="UTF-8"?>
<testng-results ignored="0" total="2" passed="2" failed="0" skipped="0">
  <reporter-output>
  </reporter-output>
  <suite started-at="2025-06-08T18:49:21 IST" name="Suite" finished-at="2025-06-08T18:49:55 IST" duration-ms="33956">
    <groups>
      <group name="Master">
        <method signature="TC_02_LoginToAccount.Verify_login()[pri:0, instance:testCases.TC_02_LoginToAccount@7c137fd5]" name="Verify_login" class="testCases.TC_02_LoginToAccount"/>
        <method signature="Tc_01_AccountRegistration.Verify_Account_registration()[pri:0, instance:testCases.Tc_01_AccountRegistration@7e057f43]" name="Verify_Account_registration" class="testCases.Tc_01_AccountRegistration"/>
      </group> <!-- Master -->
      <group name="Sanity">
        <method signature="TC_02_LoginToAccount.Verify_login()[pri:0, instance:testCases.TC_02_LoginToAccount@7c137fd5]" name="Verify_login" class="testCases.TC_02_LoginToAccount"/>
      </group> <!-- Sanity -->
      <group name="Regression">
        <method signature="Tc_01_AccountRegistration.Verify_Account_registration()[pri:0, instance:testCases.Tc_01_AccountRegistration@7e057f43]" name="Verify_Account_registration" class="testCases.Tc_01_AccountRegistration"/>
      </group> <!-- Regression -->
    </groups>
    <test started-at="2025-06-08T18:49:21 IST" name="Test" finished-at="2025-06-08T18:49:55 IST" duration-ms="33956">
      <class name="testCases.TC_02_LoginToAccount">
        <test-method is-config="true" signature="setup(java.lang.String,java.lang.String)[pri:0, instance:testCases.TC_02_LoginToAccount@7c137fd5]" started-at="2025-06-08T18:49:47 IST" name="setup" finished-at="2025-06-08T18:49:50 IST" duration-ms="3331" status="PASS">
          <params>
            <param index="0">
              <value>
                <![CDATA[windows]]>
              </value>
            </param>
            <param index="1">
              <value>
                <![CDATA[chrome]]>
              </value>
            </param>
          </params>
          <reporter-output>
          </reporter-output>
        </test-method> <!-- setup -->
        <test-method signature="Verify_login()[pri:0, instance:testCases.TC_02_LoginToAccount@7c137fd5]" started-at="2025-06-08T18:49:50 IST" name="Verify_login" finished-at="2025-06-08T18:49:54 IST" duration-ms="3754" status="PASS">
          <reporter-output>
          </reporter-output>
        </test-method> <!-- Verify_login -->
        <test-method is-config="true" signature="tearDown()[pri:0, instance:testCases.TC_02_LoginToAccount@7c137fd5]" started-at="2025-06-08T18:49:54 IST" name="tearDown" finished-at="2025-06-08T18:49:55 IST" duration-ms="506" status="PASS">
          <reporter-output>
          </reporter-output>
        </test-method> <!-- tearDown -->
      </class> <!-- testCases.TC_02_LoginToAccount -->
      <class name="testCases.Tc_01_AccountRegistration">
        <test-method is-config="true" signature="setup(java.lang.String,java.lang.String)[pri:0, instance:testCases.Tc_01_AccountRegistration@7e057f43]" started-at="2025-06-08T18:49:22 IST" name="setup" finished-at="2025-06-08T18:49:33 IST" duration-ms="11470" status="PASS">
          <params>
            <param index="0">
              <value>
                <![CDATA[windows]]>
              </value>
            </param>
            <param index="1">
              <value>
                <![CDATA[chrome]]>
              </value>
            </param>
          </params>
          <reporter-output>
          </reporter-output>
        </test-method> <!-- setup -->
        <test-method signature="Verify_Account_registration()[pri:0, instance:testCases.Tc_01_AccountRegistration@7e057f43]" started-at="2025-06-08T18:49:33 IST" name="Verify_Account_registration" finished-at="2025-06-08T18:49:46 IST" duration-ms="12333" status="PASS">
          <reporter-output>
          </reporter-output>
        </test-method> <!-- Verify_Account_registration -->
        <test-method is-config="true" signature="tearDown()[pri:0, instance:testCases.Tc_01_AccountRegistration@7e057f43]" started-at="2025-06-08T18:49:46 IST" name="tearDown" finished-at="2025-06-08T18:49:47 IST" duration-ms="1371" status="PASS">
          <reporter-output>
          </reporter-output>
        </test-method> <!-- tearDown -->
      </class> <!-- testCases.Tc_01_AccountRegistration -->
    </test> <!-- Test -->
  </suite> <!-- Suite -->
</testng-results>
